SF:lib/data/models/response/exception.dart
DA:4,2
DA:6,0
DA:8,0
DA:15,0
DA:17,0
DA:18,0
LF:6
LH:1
end_of_record
SF:lib/data/models/response/failure.dart
DA:6,4
DA:8,1
DA:9,2
DA:13,3
DA:17,2
DA:21,0
DA:25,0
LF:7
LH:5
end_of_record
SF:lib/data/repositories/authentication/authentication_repository_impl.dart
DA:16,1
DA:18,1
DA:24,2
DA:28,2
DA:29,1
DA:30,3
DA:31,1
LF:7
LH:7
end_of_record
SF:lib/data/models/authentication/login_last_hauler_response_model.dart
DA:10,8
DA:16,2
DA:17,2
DA:18,2
DA:19,2
DA:20,2
DA:23,1
DA:24,1
DA:25,1
DA:26,1
DA:27,1
DA:31,2
DA:32,2
DA:33,2
DA:34,2
DA:35,2
LF:16
LH:16
end_of_record
SF:lib/data/models/authentication/login_last_louder_response_model.dart
DA:10,8
DA:16,2
DA:17,2
DA:18,2
DA:19,2
DA:20,2
DA:23,1
DA:24,1
DA:25,1
DA:26,1
DA:27,1
DA:31,2
DA:32,2
DA:33,2
DA:34,2
DA:35,2
LF:16
LH:16
end_of_record
SF:lib/data/models/authentication/login_last_response_model.dart
DA:9,8
DA:14,2
DA:15,2
DA:16,2
DA:17,2
DA:20,1
DA:21,3
DA:24,2
DA:25,2
DA:26,2
DA:27,2
LF:11
LH:11
end_of_record
SF:lib/data/models/authentication/login_tablet_request_model.dart
DA:9,7
DA:16,2
DA:17,2
DA:18,2
DA:19,2
DA:20,2
DA:21,2
DA:25,1
DA:26,1
DA:27,1
DA:28,1
DA:29,1
DA:30,1
LF:13
LH:13
end_of_record
SF:lib/data/models/authentication/login_tablet_response_model.dart
DA:43,11
DA:79,1
DA:83,1
DA:84,1
DA:85,1
DA:88,3
DA:89,3
DA:90,3
DA:91,3
DA:92,3
DA:93,3
DA:94,3
DA:95,3
DA:96,3
DA:97,3
DA:98,3
DA:99,3
DA:100,3
DA:101,3
DA:102,3
DA:103,3
DA:104,3
DA:105,3
DA:106,3
DA:107,3
DA:108,3
DA:109,3
DA:111,7
DA:112,3
DA:113,3
DA:114,3
DA:115,3
DA:116,3
DA:118,4
DA:119,3
DA:121,4
DA:122,3
DA:124,4
DA:125,3
DA:127,4
DA:128,3
DA:130,4
DA:131,3
DA:133,4
DA:134,3
DA:135,3
DA:138,4
DA:139,2
DA:140,2
DA:143,2
DA:144,2
DA:145,2
DA:146,2
DA:147,2
DA:148,2
DA:149,2
DA:150,2
DA:151,2
DA:152,2
DA:153,2
DA:154,2
DA:155,2
DA:156,2
DA:157,2
DA:158,2
DA:159,2
DA:160,2
DA:161,2
DA:162,2
DA:163,2
DA:164,2
DA:165,2
DA:166,2
DA:167,2
DA:168,2
DA:169,2
DA:170,2
DA:171,2
DA:172,2
DA:173,2
DA:174,2
DA:175,2
DA:176,2
DA:177,2
DA:181,3
DA:182,3
DA:183,3
DA:184,3
DA:185,3
DA:186,3
DA:187,3
DA:188,3
DA:189,3
DA:190,3
DA:191,3
DA:192,3
DA:193,3
DA:194,3
DA:195,3
DA:196,3
DA:197,3
DA:198,3
DA:199,3
DA:200,3
DA:201,3
DA:202,3
DA:203,3
DA:204,3
DA:205,3
DA:206,3
DA:207,3
DA:208,3
DA:209,3
DA:210,3
DA:211,3
DA:212,3
DA:213,3
DA:214,3
DA:215,3
LF:119
LH:119
end_of_record
SF:lib/domain/entities/authentication/login_last.dart
DA:7,7
DA:12,1
DA:13,1
DA:14,1
DA:15,1
LF:5
LH:5
end_of_record
SF:lib/domain/entities/authentication/login_last_hauler.dart
DA:8,7
DA:14,1
DA:15,1
DA:16,1
DA:17,1
DA:18,1
LF:6
LH:6
end_of_record
SF:lib/domain/entities/authentication/login_last_loader.dart
DA:8,7
DA:14,1
DA:15,1
DA:16,1
DA:17,1
DA:18,1
LF:6
LH:6
end_of_record
SF:lib/domain/entities/authentication/login_tablet.dart
DA:41,8
DA:77,3
DA:78,3
DA:79,3
DA:80,3
DA:81,3
DA:82,3
DA:83,3
DA:84,3
DA:85,3
DA:86,3
DA:87,3
DA:88,3
DA:89,3
DA:90,3
DA:91,3
DA:92,3
DA:93,3
DA:94,3
DA:95,3
DA:96,3
DA:97,3
DA:98,3
DA:99,3
DA:100,3
DA:101,3
DA:102,3
DA:103,3
DA:104,3
DA:105,3
DA:106,3
DA:107,3
DA:108,3
DA:109,3
DA:110,3
DA:111,3
LF:36
LH:36
end_of_record
SF:lib/data/datasources/authentication/authentication_remote_data_source.dart
DA:19,1
DA:23,1
DA:29,3
DA:31,1
DA:35,3
DA:37,1
DA:38,2
DA:39,3
DA:40,1
DA:42,4
DA:46,1
LF:11
LH:11
end_of_record
SF:lib/core/common/environment/environment.dart
DA:4,0
DA:10,0
DA:17,0
DA:18,3
DA:19,0
DA:20,0
LF:6
LH:1
end_of_record
SF:lib/core/common/extensions/safe_convert_extension.dart
DA:2,3
DA:3,3
DA:4,3
DA:6,2
DA:7,0
DA:8,0
DA:9,0
DA:14,3
DA:15,3
DA:16,2
DA:18,2
DA:19,0
DA:20,0
DA:21,0
DA:22,0
DA:23,0
DA:30,0
DA:31,0
DA:33,0
DA:34,0
DA:35,0
DA:36,0
DA:41,3
DA:42,3
DA:45,2
DA:46,0
DA:47,0
DA:48,0
DA:49,0
DA:50,0
LF:30
LH:11
end_of_record
SF:lib/data/services/api/network_client.dart
DA:9,1
DA:10,4
DA:11,3
DA:12,1
DA:18,3
DA:19,1
LF:6
LH:6
end_of_record
SF:lib/data/services/api/interceptors.dart
DA:6,0
DA:11,0
DA:14,0
DA:19,0
DA:22,0
DA:24,0
LF:6
LH:0
end_of_record
SF:lib/domain/usecases/authentication/post_login_tablet_use_case.dart
DA:11,1
DA:13,1
DA:17,2
LF:3
LH:3
end_of_record
SF:lib/presentation/statemanagement/authentication/login_tablet/login_tablet_event.dart
DA:4,1
DA:6,1
DA:7,1
DA:13,1
LF:4
LH:4
end_of_record
SF:lib/presentation/statemanagement/authentication/login_tablet/login_tablet_state.dart
DA:4,2
DA:6,1
DA:7,1
DA:17,2
DA:19,1
DA:20,2
DA:26,2
DA:28,1
DA:29,2
LF:9
LH:9
end_of_record
SF:lib/presentation/statemanagement/authentication/login_tablet/login_tablet_bloc.dart
DA:15,1
DA:18,2
DA:19,2
DA:22,1
DA:26,1
DA:28,2
DA:30,3
DA:31,1
DA:32,1
DA:33,3
DA:35,1
DA:36,2
DA:41,1
DA:42,2
DA:45,1
DA:46,2
LF:16
LH:16
end_of_record
SF:lib/presentation/statemanagement/authentication/auth/auth_state.dart
DA:6,3
DA:10,1
DA:16,1
DA:17,1
DA:18,2
DA:22,1
DA:23,1
DA:24,2
DA:28,1
DA:29,2
LF:10
LH:10
end_of_record
SF:lib/presentation/statemanagement/authentication/auth/auth_bloc.dart
DA:9,3
DA:10,2
DA:11,2
DA:14,1
DA:18,1
DA:19,1
DA:20,1
DA:25,1
DA:26,2
DA:29,1
DA:31,1
DA:34,1
DA:36,1
LF:13
LH:13
end_of_record
SF:lib/presentation/statemanagement/authentication/auth/auth_event.dart
DA:4,2
DA:6,1
DA:7,1
DA:13,1
LF:4
LH:4
end_of_record
